<?xml version="1.0" encoding="UTF-8"?>
<testsuite xmlns:xsi="http://www.w3.org/2001/XMLSchema-instance" xsi:noNamespaceSchemaLocation="https://maven.apache.org/surefire/maven-surefire-plugin/xsd/surefire-test-report-3.0.xsd" version="3.0" name="com.miximoi.hrm.util.DBConnectionTest" time="0.693" tests="3" errors="0" skipped="0" failures="0">
  <properties>
[...]
</properties>
  <testcase name="testQueryDepartments" classname="com.miximoi.hrm.util.DBConnectionTest" time="0.393">
    <system-out><![CDATA[Đã tải thành công 6 phòng ban từ PostgreSQL!
]]></system-out>
  </testcase>
  <testcase name="testGetConnection" classname="com.miximoi.hrm.util.DBConnectionTest" time="0.097"/>
  <testcase name="testQueryEmployees" classname="com.miximoi.hrm.util.DBConnectionTest" time="0.165">
    <system-out><![CDATA[Đã tải thành công 10 nhân viên từ PostgreSQL!
]]></system-out>
  </testcase>
</testsuite>